info : pass not incorrect!
info : pass not incorrect!
info : pass not incorrect!
info : pass not incorrect!
info : pass not incorrect!
info : pass incorrect!
info : start = 0
info : id Count = Array
info : id Count = Array
info : id Count = Array
info : id Count = Array
info : id Count = 1
info : id Count = 1
info : id Count = 0
info : pass incorrect!
info : id Count = 3
info : id Count = 3
info : start = 0
info : start = 0
info : start = 0
info : start = 0
info : start = 0
info : start = -10
info : start = -10
info : start = 0
info : 
info : start = 0
info : 
info : start = 0
info : start = 0
info : start = 0
info : start = 0
info : start = 0
info : start = 0
info : start = 0
info : start = 0
info : 1
info : 1
info : 1
info : 
info : 1
info : 1
info : 1
info : 1
info : 
info : 
info : 
info : start = 0
info : start = 0
info : start = 0
info : start = 0
info : start = 0
info : start = 0
info : start = 0
info : start = 0
info : start = 0
info : start = 0
info : start = 0
info : start = 0
info : start = 0
info : start = 0
info : start = 0
info : start = 0
info : start = 0
info : start = 0
info : start = 0
info : start = 0
info : start = 0
info : start = 0
info : start = 0
info : start = 0
info : start = 0
info : start = 0
info : start = 0
info : start = 0
info : start = 0
info : start = 0
info : start = 0
info : start = 0
info : start = 0
info : start = 0
info : start = 0
info : start = 0
info : start = 0
info : start = 0
info : start = 0
info : start = 0
info : start = 0
info : start = 0
info : start = 0
info : start = 0
info : start = 0
info : start = 0
info : start = 0
info : start = 0
info : start = 0
info : start = 0
info : start = 0
info : start = 0
info : start = 0
info : start = 0
info : start = 0
info : start = 0
info : start = 0
info : start = 0
info : start = 0
info : start = 0
info : start = 0
info : start = 0
info : start = 0
info : start = 0
info : start = 0
info : start = 0
info : start = 0
info : start = 0
info : start = 0
info : start = 0
info : start = 0
info : start = 0
info : start = 0
info : start = 0
info : start = 0
info : start = 0
info : start = 0
info : start = 0
info : start = 0
info : start = 0
info : start = 0
info : start = 0
info : start = 0
info : start = 0
info : start = 0
info : start = 0
info : start = 0
info : start = 0
info : start = 0
info : start = 0
info : start = 0
info : start = 0
info : start = 0
info : start = 0
info : start = 0
info : start = 0
info : start = 0
info : start = 0
info : start = 0
info : start = 0
info : start = 0
info : start = 0
info : start = 0
info : start = 0
info : start = 0
info : start = 0
info : start = 0
info : start = 0
info : start = 0
info : start = 0
info : start = 0
info : start = 0
info : start = 0
info : start = 0
info : start = 0
info : start = 0
info : start = 0
info : start = 0
info : start = 0
info : start = 0
info : start = 0
info : start = 0
info : start = 0
info : start = 0
info : start = 0
info : start = 0
info : start = 0
info : start = 0
info : start = 0
info : start = 0
info : start = 0
info : start = 0
info : start = 0
info : start = 0
info : start = 0
info : start = 0
info : start = 0
info : start = 0
info : start = 0
info : start = 0
info : start = 0
info : start = 0
info : start = 0
info : start = 0
info : start = 0
info : start = 0
info : start = 0
info : start = 0
info : start = 0
info : start = 0
info : start = 0
info : start = 0
info : start = 0
info : start = 0
info : start = 0
info : start = 0
info : start = 0
info : start = 0
info : start = 0
info : start = 0
info : start = 0
info : start = 0
info : start = 0
info : start = 0
info : start = 0
info : start = 0
info : start = 0
info : start = 0
info : start = 0
info : start = 0
info : start = 0
info : start = 0
info : start = 0
info : start = 0
info : start = 0
info : start = 0
info : start = 0
info : start = 0
info : start = 0
info : start = 0
info : start = 0
info : start = 0
info : start = 0
info : start = 0
info : start = 0
info : start = 10
info : start = 0
info : start = 10
info : start = 20
info : start = 30
info : start = 50
info : start = 0
info : start = 0
info : start = 0
info : start = 0
info : start = 0
info : start = 0
info : start = 0
info : start = 0
info : start = 0
info : start = 0
info : start = 0
